<?xml version="1.0" encoding="UTF-8"?>
<testsuite xmlns:xsi="http://www.w3.org/2001/XMLSchema-instance" xsi:noNamespaceSchemaLocation="https://maven.apache.org/surefire/maven-surefire-plugin/xsd/surefire-test-report.xsd" name="org.example.ReplaceCharacterTest" time="0.033" tests="4" errors="0" skipped="0" failures="3">
  <properties>
[...]
</properties>
  <testcase name="replaceConsecutiveCharacter1" classname="org.example.ReplaceCharacterTest" time="0.002">
    <failure message="expected:&lt;[]d&gt; but was:&lt;[`]d&gt;" type="org.junit.ComparisonFailure"><![CDATA[org.junit.ComparisonFailure: expected:<[]d> but was:<[`]d>
	at org.example.ReplaceCharacterTest.replaceConsecutiveCharacter1(ReplaceCharacterTest.java:13)
]]></failure>
  </testcase>
  <testcase name="replaceConsecutiveCharacter2" classname="org.example.ReplaceCharacterTest" time="0"/>
  <testcase name="replaceConsecutiveCharacter3" classname="org.example.ReplaceCharacterTest" time="0">
    <failure message="expected:&lt;[abc]&gt; but was:&lt;[`ab]&gt;" type="org.junit.ComparisonFailure"><![CDATA[org.junit.ComparisonFailure: expected:<[abc]> but was:<[`ab]>
	at org.example.ReplaceCharacterTest.replaceConsecutiveCharacter3(ReplaceCharacterTest.java:25)
]]></failure>
  </testcase>
  <testcase name="replaceConsecutiveCharacter4" classname="org.example.ReplaceCharacterTest" time="0">
    <failure message="expected:&lt;ab[c]&gt; but was:&lt;ab[d]&gt;" type="org.junit.ComparisonFailure"><![CDATA[org.junit.ComparisonFailure: expected:<ab[c]> but was:<ab[d]>
	at org.example.ReplaceCharacterTest.replaceConsecutiveCharacter4(ReplaceCharacterTest.java:31)
]]></failure>
  </testcase>
</testsuite>